<?xml version="1.0" encoding="UTF-8"?>
<testsuite xmlns:xsi="http://www.w3.org/2001/XMLSchema-instance" xsi:noNamespaceSchemaLocation="https://maven.apache.org/surefire/maven-surefire-plugin/xsd/surefire-test-report.xsd" name="com.company.project.controllers.HomeControllerTest" time="1.17" tests="1" errors="0" skipped="0" failures="0">
  <properties>
    <property name="java.specification.version" value="17"/>
    <property name="sun.jnu.encoding" value="UTF-8"/>
    <property name="java.class.path" value="/Users/yamane21482@cs.saisoncard.co.jp/development/springboot-sveltekit/backend/target/test-classes:/Users/yamane21482@cs.saisoncard.co.jp/development/springboot-sveltekit/backend/target/classes:/Users/yamane21482@cs.saisoncard.co.jp/.m2/repository/org/springframework/boot/spring-boot-starter-web/2.2.5.RELEASE/spring-boot-starter-web-2.2.5.RELEASE.jar:/Users/yamane21482@cs.saisoncard.co.jp/.m2/repository/org/springframework/boot/spring-boot-starter/2.2.5.RELEASE/spring-boot-starter-2.2.5.RELEASE.jar:/Users/yamane21482@cs.saisoncard.co.jp/.m2/repository/org/springframework/boot/spring-boot-starter-logging/2.2.5.RELEASE/spring-boot-starter-logging-2.2.5.RELEASE.jar:/Users/yamane21482@cs.saisoncard.co.jp/.m2/repository/ch/qos/logback/logback-classic/1.2.3/logback-classic-1.2.3.jar:/Users/yamane21482@cs.saisoncard.co.jp/.m2/repository/ch/qos/logback/logback-core/1.2.3/logback-core-1.2.3.jar:/Users/yamane21482@cs.saisoncard.co.jp/.m2/repository/org/apache/logging/log4j/log4j-to-slf4j/2.12.1/log4j-to-slf4j-2.12.1.jar:/Users/yamane21482@cs.saisoncard.co.jp/.m2/repository/org/apache/logging/log4j/log4j-api/2.12.1/log4j-api-2.12.1.jar:/Users/yamane21482@cs.saisoncard.co.jp/.m2/repository/org/slf4j/jul-to-slf4j/1.7.30/jul-to-slf4j-1.7.30.jar:/Users/yamane21482@cs.saisoncard.co.jp/.m2/repository/org/yaml/snakeyaml/1.25/snakeyaml-1.25.jar:/Users/yamane21482@cs.saisoncard.co.jp/.m2/repository/org/springframework/boot/spring-boot-starter-json/2.2.5.RELEASE/spring-boot-starter-json-2.2.5.RELEASE.jar:/Users/yamane21482@cs.saisoncard.co.jp/.m2/repository/com/fasterxml/jackson/core/jackson-databind/2.10.2/jackson-databind-2.10.2.jar:/Users/yamane21482@cs.saisoncard.co.jp/.m2/repository/com/fasterxml/jackson/core/jackson-core/2.10.2/jackson-core-2.10.2.jar:/Users/yamane21482@cs.saisoncard.co.jp/.m2/repository/com/fasterxml/jackson/datatype/jackson-datatype-jdk8/2.10.2/jackson-datatype-jdk8-2.10.2.jar:/Users/yamane21482@cs.saisoncard.co.jp/.m2/repository/com/fasterxml/jackson/datatype/jackson-datatype-jsr310/2.10.2/jackson-datatype-jsr310-2.10.2.jar:/Users/yamane21482@cs.saisoncard.co.jp/.m2/repository/com/fasterxml/jackson/module/jackson-module-parameter-names/2.10.2/jackson-module-parameter-names-2.10.2.jar:/Users/yamane21482@cs.saisoncard.co.jp/.m2/repository/org/springframework/boot/spring-boot-starter-tomcat/2.2.5.RELEASE/spring-boot-starter-tomcat-2.2.5.RELEASE.jar:/Users/yamane21482@cs.saisoncard.co.jp/.m2/repository/org/apache/tomcat/embed/tomcat-embed-core/9.0.31/tomcat-embed-core-9.0.31.jar:/Users/yamane21482@cs.saisoncard.co.jp/.m2/repository/org/apache/tomcat/embed/tomcat-embed-el/9.0.31/tomcat-embed-el-9.0.31.jar:/Users/yamane21482@cs.saisoncard.co.jp/.m2/repository/org/apache/tomcat/embed/tomcat-embed-websocket/9.0.31/tomcat-embed-websocket-9.0.31.jar:/Users/yamane21482@cs.saisoncard.co.jp/.m2/repository/org/springframework/boot/spring-boot-starter-validation/2.2.5.RELEASE/spring-boot-starter-validation-2.2.5.RELEASE.jar:/Users/yamane21482@cs.saisoncard.co.jp/.m2/repository/jakarta/validation/jakarta.validation-api/2.0.2/jakarta.validation-api-2.0.2.jar:/Users/yamane21482@cs.saisoncard.co.jp/.m2/repository/org/hibernate/validator/hibernate-validator/6.0.18.Final/hibernate-validator-6.0.18.Final.jar:/Users/yamane21482@cs.saisoncard.co.jp/.m2/repository/org/springframework/spring-web/5.2.4.RELEASE/spring-web-5.2.4.RELEASE.jar:/Users/yamane21482@cs.saisoncard.co.jp/.m2/repository/org/springframework/spring-beans/5.2.4.RELEASE/spring-beans-5.2.4.RELEASE.jar:/Users/yamane21482@cs.saisoncard.co.jp/.m2/repository/org/springframework/spring-webmvc/5.2.4.RELEASE/spring-webmvc-5.2.4.RELEASE.jar:/Users/yamane21482@cs.saisoncard.co.jp/.m2/repository/org/springframework/spring-aop/5.2.4.RELEASE/spring-aop-5.2.4.RELEASE.jar:/Users/yamane21482@cs.saisoncard.co.jp/.m2/repository/org/springframework/spring-context/5.2.4.RELEASE/spring-context-5.2.4.RELEASE.jar:/Users/yamane21482@cs.saisoncard.co.jp/.m2/repository/org/springframework/spring-expression/5.2.4.RELEASE/spring-expression-5.2.4.RELEASE.jar:/Users/yamane21482@cs.saisoncard.co.jp/.m2/repository/org/springframework/boot/spring-boot-starter-freemarker/2.2.5.RELEASE/spring-boot-starter-freemarker-2.2.5.RELEASE.jar:/Users/yamane21482@cs.saisoncard.co.jp/.m2/repository/org/freemarker/freemarker/2.3.29/freemarker-2.3.29.jar:/Users/yamane21482@cs.saisoncard.co.jp/.m2/repository/org/springframework/spring-context-support/5.2.4.RELEASE/spring-context-support-5.2.4.RELEASE.jar:/Users/yamane21482@cs.saisoncard.co.jp/.m2/repository/org/springframework/boot/spring-boot-starter-jersey/2.2.5.RELEASE/spring-boot-starter-jersey-2.2.5.RELEASE.jar:/Users/yamane21482@cs.saisoncard.co.jp/.m2/repository/jakarta/annotation/jakarta.annotation-api/1.3.5/jakarta.annotation-api-1.3.5.jar:/Users/yamane21482@cs.saisoncard.co.jp/.m2/repository/jakarta/ws/rs/jakarta.ws.rs-api/2.1.6/jakarta.ws.rs-api-2.1.6.jar:/Users/yamane21482@cs.saisoncard.co.jp/.m2/repository/org/glassfish/jersey/core/jersey-server/2.29.1/jersey-server-2.29.1.jar:/Users/yamane21482@cs.saisoncard.co.jp/.m2/repository/org/glassfish/jersey/core/jersey-common/2.29.1/jersey-common-2.29.1.jar:/Users/yamane21482@cs.saisoncard.co.jp/.m2/repository/org/glassfish/hk2/osgi-resource-locator/1.0.3/osgi-resource-locator-1.0.3.jar:/Users/yamane21482@cs.saisoncard.co.jp/.m2/repository/com/sun/activation/jakarta.activation/1.2.2/jakarta.activation-1.2.2.jar:/Users/yamane21482@cs.saisoncard.co.jp/.m2/repository/org/glassfish/jersey/core/jersey-client/2.29.1/jersey-client-2.29.1.jar:/Users/yamane21482@cs.saisoncard.co.jp/.m2/repository/org/glassfish/jersey/media/jersey-media-jaxb/2.29.1/jersey-media-jaxb-2.29.1.jar:/Users/yamane21482@cs.saisoncard.co.jp/.m2/repository/org/glassfish/hk2/external/jakarta.inject/2.6.1/jakarta.inject-2.6.1.jar:/Users/yamane21482@cs.saisoncard.co.jp/.m2/repository/org/glassfish/jersey/containers/jersey-container-servlet-core/2.29.1/jersey-container-servlet-core-2.29.1.jar:/Users/yamane21482@cs.saisoncard.co.jp/.m2/repository/org/glassfish/jersey/containers/jersey-container-servlet/2.29.1/jersey-container-servlet-2.29.1.jar:/Users/yamane21482@cs.saisoncard.co.jp/.m2/repository/org/glassfish/jersey/ext/jersey-bean-validation/2.29.1/jersey-bean-validation-2.29.1.jar:/Users/yamane21482@cs.saisoncard.co.jp/.m2/repository/org/glassfish/jersey/ext/jersey-spring5/2.29.1/jersey-spring5-2.29.1.jar:/Users/yamane21482@cs.saisoncard.co.jp/.m2/repository/org/glassfish/jersey/inject/jersey-hk2/2.29.1/jersey-hk2-2.29.1.jar:/Users/yamane21482@cs.saisoncard.co.jp/.m2/repository/org/glassfish/hk2/hk2-locator/2.6.1/hk2-locator-2.6.1.jar:/Users/yamane21482@cs.saisoncard.co.jp/.m2/repository/org/glassfish/hk2/external/aopalliance-repackaged/2.6.1/aopalliance-repackaged-2.6.1.jar:/Users/yamane21482@cs.saisoncard.co.jp/.m2/repository/org/glassfish/hk2/hk2/2.6.1/hk2-2.6.1.jar:/Users/yamane21482@cs.saisoncard.co.jp/.m2/repository/org/glassfish/hk2/hk2-utils/2.6.1/hk2-utils-2.6.1.jar:/Users/yamane21482@cs.saisoncard.co.jp/.m2/repository/org/glassfish/hk2/hk2-api/2.6.1/hk2-api-2.6.1.jar:/Users/yamane21482@cs.saisoncard.co.jp/.m2/repository/org/glassfish/hk2/hk2-core/2.6.1/hk2-core-2.6.1.jar:/Users/yamane21482@cs.saisoncard.co.jp/.m2/repository/org/glassfish/hk2/hk2-runlevel/2.6.1/hk2-runlevel-2.6.1.jar:/Users/yamane21482@cs.saisoncard.co.jp/.m2/repository/org/glassfish/hk2/class-model/2.6.1/class-model-2.6.1.jar:/Users/yamane21482@cs.saisoncard.co.jp/.m2/repository/org/ow2/asm/asm/7.1/asm-7.1.jar:/Users/yamane21482@cs.saisoncard.co.jp/.m2/repository/org/ow2/asm/asm-analysis/7.1/asm-analysis-7.1.jar:/Users/yamane21482@cs.saisoncard.co.jp/.m2/repository/org/ow2/asm/asm-commons/7.1/asm-commons-7.1.jar:/Users/yamane21482@cs.saisoncard.co.jp/.m2/repository/org/ow2/asm/asm-tree/7.1/asm-tree-7.1.jar:/Users/yamane21482@cs.saisoncard.co.jp/.m2/repository/org/ow2/asm/asm-util/7.1/asm-util-7.1.jar:/Users/yamane21482@cs.saisoncard.co.jp/.m2/repository/org/glassfish/hk2/spring-bridge/2.6.1/spring-bridge-2.6.1.jar:/Users/yamane21482@cs.saisoncard.co.jp/.m2/repository/org/glassfish/jersey/media/jersey-media-json-jackson/2.29.1/jersey-media-json-jackson-2.29.1.jar:/Users/yamane21482@cs.saisoncard.co.jp/.m2/repository/org/glassfish/jersey/ext/jersey-entity-filtering/2.29.1/jersey-entity-filtering-2.29.1.jar:/Users/yamane21482@cs.saisoncard.co.jp/.m2/repository/com/fasterxml/jackson/core/jackson-annotations/2.10.2/jackson-annotations-2.10.2.jar:/Users/yamane21482@cs.saisoncard.co.jp/.m2/repository/com/fasterxml/jackson/module/jackson-module-jaxb-annotations/2.10.2/jackson-module-jaxb-annotations-2.10.2.jar:/Users/yamane21482@cs.saisoncard.co.jp/.m2/repository/jakarta/xml/bind/jakarta.xml.bind-api/2.3.2/jakarta.xml.bind-api-2.3.2.jar:/Users/yamane21482@cs.saisoncard.co.jp/.m2/repository/org/springframework/boot/spring-boot-starter-data-jpa/2.2.5.RELEASE/spring-boot-starter-data-jpa-2.2.5.RELEASE.jar:/Users/yamane21482@cs.saisoncard.co.jp/.m2/repository/org/springframework/boot/spring-boot-starter-aop/2.2.5.RELEASE/spring-boot-starter-aop-2.2.5.RELEASE.jar:/Users/yamane21482@cs.saisoncard.co.jp/.m2/repository/org/aspectj/aspectjweaver/1.9.5/aspectjweaver-1.9.5.jar:/Users/yamane21482@cs.saisoncard.co.jp/.m2/repository/org/springframework/boot/spring-boot-starter-jdbc/2.2.5.RELEASE/spring-boot-starter-jdbc-2.2.5.RELEASE.jar:/Users/yamane21482@cs.saisoncard.co.jp/.m2/repository/com/zaxxer/HikariCP/3.4.2/HikariCP-3.4.2.jar:/Users/yamane21482@cs.saisoncard.co.jp/.m2/repository/org/springframework/spring-jdbc/5.2.4.RELEASE/spring-jdbc-5.2.4.RELEASE.jar:/Users/yamane21482@cs.saisoncard.co.jp/.m2/repository/jakarta/activation/jakarta.activation-api/1.2.2/jakarta.activation-api-1.2.2.jar:/Users/yamane21482@cs.saisoncard.co.jp/.m2/repository/jakarta/persistence/jakarta.persistence-api/2.2.3/jakarta.persistence-api-2.2.3.jar:/Users/yamane21482@cs.saisoncard.co.jp/.m2/repository/jakarta/transaction/jakarta.transaction-api/1.3.3/jakarta.transaction-api-1.3.3.jar:/Users/yamane21482@cs.saisoncard.co.jp/.m2/repository/org/hibernate/hibernate-core/5.4.12.Final/hibernate-core-5.4.12.Final.jar:/Users/yamane21482@cs.saisoncard.co.jp/.m2/repository/org/jboss/logging/jboss-logging/3.4.1.Final/jboss-logging-3.4.1.Final.jar:/Users/yamane21482@cs.saisoncard.co.jp/.m2/repository/org/javassist/javassist/3.24.0-GA/javassist-3.24.0-GA.jar:/Users/yamane21482@cs.saisoncard.co.jp/.m2/repository/net/bytebuddy/byte-buddy/1.10.8/byte-buddy-1.10.8.jar:/Users/yamane21482@cs.saisoncard.co.jp/.m2/repository/antlr/antlr/2.7.7/antlr-2.7.7.jar:/Users/yamane21482@cs.saisoncard.co.jp/.m2/repository/org/jboss/jandex/2.1.1.Final/jandex-2.1.1.Final.jar:/Users/yamane21482@cs.saisoncard.co.jp/.m2/repository/com/fasterxml/classmate/1.5.1/classmate-1.5.1.jar:/Users/yamane21482@cs.saisoncard.co.jp/.m2/repository/org/dom4j/dom4j/2.1.1/dom4j-2.1.1.jar:/Users/yamane21482@cs.saisoncard.co.jp/.m2/repository/org/hibernate/common/hibernate-commons-annotations/5.1.0.Final/hibernate-commons-annotations-5.1.0.Final.jar:/Users/yamane21482@cs.saisoncard.co.jp/.m2/repository/org/glassfish/jaxb/jaxb-runtime/2.3.2/jaxb-runtime-2.3.2.jar:/Users/yamane21482@cs.saisoncard.co.jp/.m2/repository/org/glassfish/jaxb/txw2/2.3.2/txw2-2.3.2.jar:/Users/yamane21482@cs.saisoncard.co.jp/.m2/repository/com/sun/istack/istack-commons-runtime/3.0.8/istack-commons-runtime-3.0.8.jar:/Users/yamane21482@cs.saisoncard.co.jp/.m2/repository/org/jvnet/staxex/stax-ex/1.8.1/stax-ex-1.8.1.jar:/Users/yamane21482@cs.saisoncard.co.jp/.m2/repository/com/sun/xml/fastinfoset/FastInfoset/1.2.16/FastInfoset-1.2.16.jar:/Users/yamane21482@cs.saisoncard.co.jp/.m2/repository/org/springframework/data/spring-data-jpa/2.2.5.RELEASE/spring-data-jpa-2.2.5.RELEASE.jar:/Users/yamane21482@cs.saisoncard.co.jp/.m2/repository/org/springframework/data/spring-data-commons/2.2.5.RELEASE/spring-data-commons-2.2.5.RELEASE.jar:/Users/yamane21482@cs.saisoncard.co.jp/.m2/repository/org/springframework/spring-orm/5.2.4.RELEASE/spring-orm-5.2.4.RELEASE.jar:/Users/yamane21482@cs.saisoncard.co.jp/.m2/repository/org/springframework/spring-tx/5.2.4.RELEASE/spring-tx-5.2.4.RELEASE.jar:/Users/yamane21482@cs.saisoncard.co.jp/.m2/repository/org/slf4j/slf4j-api/1.7.30/slf4j-api-1.7.30.jar:/Users/yamane21482@cs.saisoncard.co.jp/.m2/repository/org/springframework/spring-aspects/5.2.4.RELEASE/spring-aspects-5.2.4.RELEASE.jar:/Users/yamane21482@cs.saisoncard.co.jp/.m2/repository/org/postgresql/postgresql/42.2.10/postgresql-42.2.10.jar:/Users/yamane21482@cs.saisoncard.co.jp/.m2/repository/org/springframework/session/spring-session-core/2.2.1.RELEASE/spring-session-core-2.2.1.RELEASE.jar:/Users/yamane21482@cs.saisoncard.co.jp/.m2/repository/org/springframework/spring-jcl/5.2.4.RELEASE/spring-jcl-5.2.4.RELEASE.jar:/Users/yamane21482@cs.saisoncard.co.jp/.m2/repository/org/springframework/boot/spring-boot-devtools/2.2.5.RELEASE/spring-boot-devtools-2.2.5.RELEASE.jar:/Users/yamane21482@cs.saisoncard.co.jp/.m2/repository/org/springframework/boot/spring-boot/2.2.5.RELEASE/spring-boot-2.2.5.RELEASE.jar:/Users/yamane21482@cs.saisoncard.co.jp/.m2/repository/org/springframework/boot/spring-boot-autoconfigure/2.2.5.RELEASE/spring-boot-autoconfigure-2.2.5.RELEASE.jar:/Users/yamane21482@cs.saisoncard.co.jp/.m2/repository/org/springframework/boot/spring-boot-starter-test/2.2.5.RELEASE/spring-boot-starter-test-2.2.5.RELEASE.jar:/Users/yamane21482@cs.saisoncard.co.jp/.m2/repository/org/springframework/boot/spring-boot-test/2.2.5.RELEASE/spring-boot-test-2.2.5.RELEASE.jar:/Users/yamane21482@cs.saisoncard.co.jp/.m2/repository/org/springframework/boot/spring-boot-test-autoconfigure/2.2.5.RELEASE/spring-boot-test-autoconfigure-2.2.5.RELEASE.jar:/Users/yamane21482@cs.saisoncard.co.jp/.m2/repository/com/jayway/jsonpath/json-path/2.4.0/json-path-2.4.0.jar:/Users/yamane21482@cs.saisoncard.co.jp/.m2/repository/net/minidev/json-smart/2.3/json-smart-2.3.jar:/Users/yamane21482@cs.saisoncard.co.jp/.m2/repository/net/minidev/accessors-smart/1.2/accessors-smart-1.2.jar:/Users/yamane21482@cs.saisoncard.co.jp/.m2/repository/org/junit/jupiter/junit-jupiter/5.5.2/junit-jupiter-5.5.2.jar:/Users/yamane21482@cs.saisoncard.co.jp/.m2/repository/org/junit/jupiter/junit-jupiter-api/5.5.2/junit-jupiter-api-5.5.2.jar:/Users/yamane21482@cs.saisoncard.co.jp/.m2/repository/org/apiguardian/apiguardian-api/1.1.0/apiguardian-api-1.1.0.jar:/Users/yamane21482@cs.saisoncard.co.jp/.m2/repository/org/opentest4j/opentest4j/1.2.0/opentest4j-1.2.0.jar:/Users/yamane21482@cs.saisoncard.co.jp/.m2/repository/org/junit/platform/junit-platform-commons/1.5.2/junit-platform-commons-1.5.2.jar:/Users/yamane21482@cs.saisoncard.co.jp/.m2/repository/org/junit/jupiter/junit-jupiter-params/5.5.2/junit-jupiter-params-5.5.2.jar:/Users/yamane21482@cs.saisoncard.co.jp/.m2/repository/org/junit/jupiter/junit-jupiter-engine/5.5.2/junit-jupiter-engine-5.5.2.jar:/Users/yamane21482@cs.saisoncard.co.jp/.m2/repository/org/junit/platform/junit-platform-engine/1.5.2/junit-platform-engine-1.5.2.jar:/Users/yamane21482@cs.saisoncard.co.jp/.m2/repository/org/mockito/mockito-junit-jupiter/3.1.0/mockito-junit-jupiter-3.1.0.jar:/Users/yamane21482@cs.saisoncard.co.jp/.m2/repository/org/assertj/assertj-core/3.13.2/assertj-core-3.13.2.jar:/Users/yamane21482@cs.saisoncard.co.jp/.m2/repository/org/hamcrest/hamcrest/2.1/hamcrest-2.1.jar:/Users/yamane21482@cs.saisoncard.co.jp/.m2/repository/org/mockito/mockito-core/3.1.0/mockito-core-3.1.0.jar:/Users/yamane21482@cs.saisoncard.co.jp/.m2/repository/net/bytebuddy/byte-buddy-agent/1.10.8/byte-buddy-agent-1.10.8.jar:/Users/yamane21482@cs.saisoncard.co.jp/.m2/repository/org/objenesis/objenesis/2.6/objenesis-2.6.jar:/Users/yamane21482@cs.saisoncard.co.jp/.m2/repository/org/skyscreamer/jsonassert/1.5.0/jsonassert-1.5.0.jar:/Users/yamane21482@cs.saisoncard.co.jp/.m2/repository/com/vaadin/external/google/android-json/0.0.20131108.vaadin1/android-json-0.0.20131108.vaadin1.jar:/Users/yamane21482@cs.saisoncard.co.jp/.m2/repository/org/springframework/spring-core/5.2.4.RELEASE/spring-core-5.2.4.RELEASE.jar:/Users/yamane21482@cs.saisoncard.co.jp/.m2/repository/org/springframework/spring-test/5.2.4.RELEASE/spring-test-5.2.4.RELEASE.jar:/Users/yamane21482@cs.saisoncard.co.jp/.m2/repository/org/xmlunit/xmlunit-core/2.6.3/xmlunit-core-2.6.3.jar:"/>
    <property name="java.vm.vendor" value="Amazon.com Inc."/>
    <property name="sun.arch.data.model" value="64"/>
    <property name="java.vendor.url" value="https://aws.amazon.com/corretto/"/>
    <property name="os.name" value="Mac OS X"/>
    <property name="java.vm.specification.version" value="17"/>
    <property name="sun.java.launcher" value="SUN_STANDARD"/>
    <property name="user.country" value="JP"/>
    <property name="sun.boot.library.path" value="/Users/yamane21482@cs.saisoncard.co.jp/.asdf/installs/java/corretto-17.0.4.9.1/lib"/>
    <property name="sun.java.command" value="/Users/yamane21482@cs.saisoncard.co.jp/development/springboot-sveltekit/backend/target/surefire/surefirebooter13088688015542824402.jar /Users/yamane21482@cs.saisoncard.co.jp/development/springboot-sveltekit/backend/target/surefire 2023-07-23T20-15-20_208-jvmRun1 surefire9760428220858449890tmp surefire_010533427549251345723tmp"/>
    <property name="http.nonProxyHosts" value="local|*.local|169.254/16|*.169.254/16"/>
    <property name="jdk.debug" value="release"/>
    <property name="surefire.test.class.path" value="/Users/yamane21482@cs.saisoncard.co.jp/development/springboot-sveltekit/backend/target/test-classes:/Users/yamane21482@cs.saisoncard.co.jp/development/springboot-sveltekit/backend/target/classes:/Users/yamane21482@cs.saisoncard.co.jp/.m2/repository/org/springframework/boot/spring-boot-starter-web/2.2.5.RELEASE/spring-boot-starter-web-2.2.5.RELEASE.jar:/Users/yamane21482@cs.saisoncard.co.jp/.m2/repository/org/springframework/boot/spring-boot-starter/2.2.5.RELEASE/spring-boot-starter-2.2.5.RELEASE.jar:/Users/yamane21482@cs.saisoncard.co.jp/.m2/repository/org/springframework/boot/spring-boot-starter-logging/2.2.5.RELEASE/spring-boot-starter-logging-2.2.5.RELEASE.jar:/Users/yamane21482@cs.saisoncard.co.jp/.m2/repository/ch/qos/logback/logback-classic/1.2.3/logback-classic-1.2.3.jar:/Users/yamane21482@cs.saisoncard.co.jp/.m2/repository/ch/qos/logback/logback-core/1.2.3/logback-core-1.2.3.jar:/Users/yamane21482@cs.saisoncard.co.jp/.m2/repository/org/apache/logging/log4j/log4j-to-slf4j/2.12.1/log4j-to-slf4j-2.12.1.jar:/Users/yamane21482@cs.saisoncard.co.jp/.m2/repository/org/apache/logging/log4j/log4j-api/2.12.1/log4j-api-2.12.1.jar:/Users/yamane21482@cs.saisoncard.co.jp/.m2/repository/org/slf4j/jul-to-slf4j/1.7.30/jul-to-slf4j-1.7.30.jar:/Users/yamane21482@cs.saisoncard.co.jp/.m2/repository/org/yaml/snakeyaml/1.25/snakeyaml-1.25.jar:/Users/yamane21482@cs.saisoncard.co.jp/.m2/repository/org/springframework/boot/spring-boot-starter-json/2.2.5.RELEASE/spring-boot-starter-json-2.2.5.RELEASE.jar:/Users/yamane21482@cs.saisoncard.co.jp/.m2/repository/com/fasterxml/jackson/core/jackson-databind/2.10.2/jackson-databind-2.10.2.jar:/Users/yamane21482@cs.saisoncard.co.jp/.m2/repository/com/fasterxml/jackson/core/jackson-core/2.10.2/jackson-core-2.10.2.jar:/Users/yamane21482@cs.saisoncard.co.jp/.m2/repository/com/fasterxml/jackson/datatype/jackson-datatype-jdk8/2.10.2/jackson-datatype-jdk8-2.10.2.jar:/Users/yamane21482@cs.saisoncard.co.jp/.m2/repository/com/fasterxml/jackson/datatype/jackson-datatype-jsr310/2.10.2/jackson-datatype-jsr310-2.10.2.jar:/Users/yamane21482@cs.saisoncard.co.jp/.m2/repository/com/fasterxml/jackson/module/jackson-module-parameter-names/2.10.2/jackson-module-parameter-names-2.10.2.jar:/Users/yamane21482@cs.saisoncard.co.jp/.m2/repository/org/springframework/boot/spring-boot-starter-tomcat/2.2.5.RELEASE/spring-boot-starter-tomcat-2.2.5.RELEASE.jar:/Users/yamane21482@cs.saisoncard.co.jp/.m2/repository/org/apache/tomcat/embed/tomcat-embed-core/9.0.31/tomcat-embed-core-9.0.31.jar:/Users/yamane21482@cs.saisoncard.co.jp/.m2/repository/org/apache/tomcat/embed/tomcat-embed-el/9.0.31/tomcat-embed-el-9.0.31.jar:/Users/yamane21482@cs.saisoncard.co.jp/.m2/repository/org/apache/tomcat/embed/tomcat-embed-websocket/9.0.31/tomcat-embed-websocket-9.0.31.jar:/Users/yamane21482@cs.saisoncard.co.jp/.m2/repository/org/springframework/boot/spring-boot-starter-validation/2.2.5.RELEASE/spring-boot-starter-validation-2.2.5.RELEASE.jar:/Users/yamane21482@cs.saisoncard.co.jp/.m2/repository/jakarta/validation/jakarta.validation-api/2.0.2/jakarta.validation-api-2.0.2.jar:/Users/yamane21482@cs.saisoncard.co.jp/.m2/repository/org/hibernate/validator/hibernate-validator/6.0.18.Final/hibernate-validator-6.0.18.Final.jar:/Users/yamane21482@cs.saisoncard.co.jp/.m2/repository/org/springframework/spring-web/5.2.4.RELEASE/spring-web-5.2.4.RELEASE.jar:/Users/yamane21482@cs.saisoncard.co.jp/.m2/repository/org/springframework/spring-beans/5.2.4.RELEASE/spring-beans-5.2.4.RELEASE.jar:/Users/yamane21482@cs.saisoncard.co.jp/.m2/repository/org/springframework/spring-webmvc/5.2.4.RELEASE/spring-webmvc-5.2.4.RELEASE.jar:/Users/yamane21482@cs.saisoncard.co.jp/.m2/repository/org/springframework/spring-aop/5.2.4.RELEASE/spring-aop-5.2.4.RELEASE.jar:/Users/yamane21482@cs.saisoncard.co.jp/.m2/repository/org/springframework/spring-context/5.2.4.RELEASE/spring-context-5.2.4.RELEASE.jar:/Users/yamane21482@cs.saisoncard.co.jp/.m2/repository/org/springframework/spring-expression/5.2.4.RELEASE/spring-expression-5.2.4.RELEASE.jar:/Users/yamane21482@cs.saisoncard.co.jp/.m2/repository/org/springframework/boot/spring-boot-starter-freemarker/2.2.5.RELEASE/spring-boot-starter-freemarker-2.2.5.RELEASE.jar:/Users/yamane21482@cs.saisoncard.co.jp/.m2/repository/org/freemarker/freemarker/2.3.29/freemarker-2.3.29.jar:/Users/yamane21482@cs.saisoncard.co.jp/.m2/repository/org/springframework/spring-context-support/5.2.4.RELEASE/spring-context-support-5.2.4.RELEASE.jar:/Users/yamane21482@cs.saisoncard.co.jp/.m2/repository/org/springframework/boot/spring-boot-starter-jersey/2.2.5.RELEASE/spring-boot-starter-jersey-2.2.5.RELEASE.jar:/Users/yamane21482@cs.saisoncard.co.jp/.m2/repository/jakarta/annotation/jakarta.annotation-api/1.3.5/jakarta.annotation-api-1.3.5.jar:/Users/yamane21482@cs.saisoncard.co.jp/.m2/repository/jakarta/ws/rs/jakarta.ws.rs-api/2.1.6/jakarta.ws.rs-api-2.1.6.jar:/Users/yamane21482@cs.saisoncard.co.jp/.m2/repository/org/glassfish/jersey/core/jersey-server/2.29.1/jersey-server-2.29.1.jar:/Users/yamane21482@cs.saisoncard.co.jp/.m2/repository/org/glassfish/jersey/core/jersey-common/2.29.1/jersey-common-2.29.1.jar:/Users/yamane21482@cs.saisoncard.co.jp/.m2/repository/org/glassfish/hk2/osgi-resource-locator/1.0.3/osgi-resource-locator-1.0.3.jar:/Users/yamane21482@cs.saisoncard.co.jp/.m2/repository/com/sun/activation/jakarta.activation/1.2.2/jakarta.activation-1.2.2.jar:/Users/yamane21482@cs.saisoncard.co.jp/.m2/repository/org/glassfish/jersey/core/jersey-client/2.29.1/jersey-client-2.29.1.jar:/Users/yamane21482@cs.saisoncard.co.jp/.m2/repository/org/glassfish/jersey/media/jersey-media-jaxb/2.29.1/jersey-media-jaxb-2.29.1.jar:/Users/yamane21482@cs.saisoncard.co.jp/.m2/repository/org/glassfish/hk2/external/jakarta.inject/2.6.1/jakarta.inject-2.6.1.jar:/Users/yamane21482@cs.saisoncard.co.jp/.m2/repository/org/glassfish/jersey/containers/jersey-container-servlet-core/2.29.1/jersey-container-servlet-core-2.29.1.jar:/Users/yamane21482@cs.saisoncard.co.jp/.m2/repository/org/glassfish/jersey/containers/jersey-container-servlet/2.29.1/jersey-container-servlet-2.29.1.jar:/Users/yamane21482@cs.saisoncard.co.jp/.m2/repository/org/glassfish/jersey/ext/jersey-bean-validation/2.29.1/jersey-bean-validation-2.29.1.jar:/Users/yamane21482@cs.saisoncard.co.jp/.m2/repository/org/glassfish/jersey/ext/jersey-spring5/2.29.1/jersey-spring5-2.29.1.jar:/Users/yamane21482@cs.saisoncard.co.jp/.m2/repository/org/glassfish/jersey/inject/jersey-hk2/2.29.1/jersey-hk2-2.29.1.jar:/Users/yamane21482@cs.saisoncard.co.jp/.m2/repository/org/glassfish/hk2/hk2-locator/2.6.1/hk2-locator-2.6.1.jar:/Users/yamane21482@cs.saisoncard.co.jp/.m2/repository/org/glassfish/hk2/external/aopalliance-repackaged/2.6.1/aopalliance-repackaged-2.6.1.jar:/Users/yamane21482@cs.saisoncard.co.jp/.m2/repository/org/glassfish/hk2/hk2/2.6.1/hk2-2.6.1.jar:/Users/yamane21482@cs.saisoncard.co.jp/.m2/repository/org/glassfish/hk2/hk2-utils/2.6.1/hk2-utils-2.6.1.jar:/Users/yamane21482@cs.saisoncard.co.jp/.m2/repository/org/glassfish/hk2/hk2-api/2.6.1/hk2-api-2.6.1.jar:/Users/yamane21482@cs.saisoncard.co.jp/.m2/repository/org/glassfish/hk2/hk2-core/2.6.1/hk2-core-2.6.1.jar:/Users/yamane21482@cs.saisoncard.co.jp/.m2/repository/org/glassfish/hk2/hk2-runlevel/2.6.1/hk2-runlevel-2.6.1.jar:/Users/yamane21482@cs.saisoncard.co.jp/.m2/repository/org/glassfish/hk2/class-model/2.6.1/class-model-2.6.1.jar:/Users/yamane21482@cs.saisoncard.co.jp/.m2/repository/org/ow2/asm/asm/7.1/asm-7.1.jar:/Users/yamane21482@cs.saisoncard.co.jp/.m2/repository/org/ow2/asm/asm-analysis/7.1/asm-analysis-7.1.jar:/Users/yamane21482@cs.saisoncard.co.jp/.m2/repository/org/ow2/asm/asm-commons/7.1/asm-commons-7.1.jar:/Users/yamane21482@cs.saisoncard.co.jp/.m2/repository/org/ow2/asm/asm-tree/7.1/asm-tree-7.1.jar:/Users/yamane21482@cs.saisoncard.co.jp/.m2/repository/org/ow2/asm/asm-util/7.1/asm-util-7.1.jar:/Users/yamane21482@cs.saisoncard.co.jp/.m2/repository/org/glassfish/hk2/spring-bridge/2.6.1/spring-bridge-2.6.1.jar:/Users/yamane21482@cs.saisoncard.co.jp/.m2/repository/org/glassfish/jersey/media/jersey-media-json-jackson/2.29.1/jersey-media-json-jackson-2.29.1.jar:/Users/yamane21482@cs.saisoncard.co.jp/.m2/repository/org/glassfish/jersey/ext/jersey-entity-filtering/2.29.1/jersey-entity-filtering-2.29.1.jar:/Users/yamane21482@cs.saisoncard.co.jp/.m2/repository/com/fasterxml/jackson/core/jackson-annotations/2.10.2/jackson-annotations-2.10.2.jar:/Users/yamane21482@cs.saisoncard.co.jp/.m2/repository/com/fasterxml/jackson/module/jackson-module-jaxb-annotations/2.10.2/jackson-module-jaxb-annotations-2.10.2.jar:/Users/yamane21482@cs.saisoncard.co.jp/.m2/repository/jakarta/xml/bind/jakarta.xml.bind-api/2.3.2/jakarta.xml.bind-api-2.3.2.jar:/Users/yamane21482@cs.saisoncard.co.jp/.m2/repository/org/springframework/boot/spring-boot-starter-data-jpa/2.2.5.RELEASE/spring-boot-starter-data-jpa-2.2.5.RELEASE.jar:/Users/yamane21482@cs.saisoncard.co.jp/.m2/repository/org/springframework/boot/spring-boot-starter-aop/2.2.5.RELEASE/spring-boot-starter-aop-2.2.5.RELEASE.jar:/Users/yamane21482@cs.saisoncard.co.jp/.m2/repository/org/aspectj/aspectjweaver/1.9.5/aspectjweaver-1.9.5.jar:/Users/yamane21482@cs.saisoncard.co.jp/.m2/repository/org/springframework/boot/spring-boot-starter-jdbc/2.2.5.RELEASE/spring-boot-starter-jdbc-2.2.5.RELEASE.jar:/Users/yamane21482@cs.saisoncard.co.jp/.m2/repository/com/zaxxer/HikariCP/3.4.2/HikariCP-3.4.2.jar:/Users/yamane21482@cs.saisoncard.co.jp/.m2/repository/org/springframework/spring-jdbc/5.2.4.RELEASE/spring-jdbc-5.2.4.RELEASE.jar:/Users/yamane21482@cs.saisoncard.co.jp/.m2/repository/jakarta/activation/jakarta.activation-api/1.2.2/jakarta.activation-api-1.2.2.jar:/Users/yamane21482@cs.saisoncard.co.jp/.m2/repository/jakarta/persistence/jakarta.persistence-api/2.2.3/jakarta.persistence-api-2.2.3.jar:/Users/yamane21482@cs.saisoncard.co.jp/.m2/repository/jakarta/transaction/jakarta.transaction-api/1.3.3/jakarta.transaction-api-1.3.3.jar:/Users/yamane21482@cs.saisoncard.co.jp/.m2/repository/org/hibernate/hibernate-core/5.4.12.Final/hibernate-core-5.4.12.Final.jar:/Users/yamane21482@cs.saisoncard.co.jp/.m2/repository/org/jboss/logging/jboss-logging/3.4.1.Final/jboss-logging-3.4.1.Final.jar:/Users/yamane21482@cs.saisoncard.co.jp/.m2/repository/org/javassist/javassist/3.24.0-GA/javassist-3.24.0-GA.jar:/Users/yamane21482@cs.saisoncard.co.jp/.m2/repository/net/bytebuddy/byte-buddy/1.10.8/byte-buddy-1.10.8.jar:/Users/yamane21482@cs.saisoncard.co.jp/.m2/repository/antlr/antlr/2.7.7/antlr-2.7.7.jar:/Users/yamane21482@cs.saisoncard.co.jp/.m2/repository/org/jboss/jandex/2.1.1.Final/jandex-2.1.1.Final.jar:/Users/yamane21482@cs.saisoncard.co.jp/.m2/repository/com/fasterxml/classmate/1.5.1/classmate-1.5.1.jar:/Users/yamane21482@cs.saisoncard.co.jp/.m2/repository/org/dom4j/dom4j/2.1.1/dom4j-2.1.1.jar:/Users/yamane21482@cs.saisoncard.co.jp/.m2/repository/org/hibernate/common/hibernate-commons-annotations/5.1.0.Final/hibernate-commons-annotations-5.1.0.Final.jar:/Users/yamane21482@cs.saisoncard.co.jp/.m2/repository/org/glassfish/jaxb/jaxb-runtime/2.3.2/jaxb-runtime-2.3.2.jar:/Users/yamane21482@cs.saisoncard.co.jp/.m2/repository/org/glassfish/jaxb/txw2/2.3.2/txw2-2.3.2.jar:/Users/yamane21482@cs.saisoncard.co.jp/.m2/repository/com/sun/istack/istack-commons-runtime/3.0.8/istack-commons-runtime-3.0.8.jar:/Users/yamane21482@cs.saisoncard.co.jp/.m2/repository/org/jvnet/staxex/stax-ex/1.8.1/stax-ex-1.8.1.jar:/Users/yamane21482@cs.saisoncard.co.jp/.m2/repository/com/sun/xml/fastinfoset/FastInfoset/1.2.16/FastInfoset-1.2.16.jar:/Users/yamane21482@cs.saisoncard.co.jp/.m2/repository/org/springframework/data/spring-data-jpa/2.2.5.RELEASE/spring-data-jpa-2.2.5.RELEASE.jar:/Users/yamane21482@cs.saisoncard.co.jp/.m2/repository/org/springframework/data/spring-data-commons/2.2.5.RELEASE/spring-data-commons-2.2.5.RELEASE.jar:/Users/yamane21482@cs.saisoncard.co.jp/.m2/repository/org/springframework/spring-orm/5.2.4.RELEASE/spring-orm-5.2.4.RELEASE.jar:/Users/yamane21482@cs.saisoncard.co.jp/.m2/repository/org/springframework/spring-tx/5.2.4.RELEASE/spring-tx-5.2.4.RELEASE.jar:/Users/yamane21482@cs.saisoncard.co.jp/.m2/repository/org/slf4j/slf4j-api/1.7.30/slf4j-api-1.7.30.jar:/Users/yamane21482@cs.saisoncard.co.jp/.m2/repository/org/springframework/spring-aspects/5.2.4.RELEASE/spring-aspects-5.2.4.RELEASE.jar:/Users/yamane21482@cs.saisoncard.co.jp/.m2/repository/org/postgresql/postgresql/42.2.10/postgresql-42.2.10.jar:/Users/yamane21482@cs.saisoncard.co.jp/.m2/repository/org/springframework/session/spring-session-core/2.2.1.RELEASE/spring-session-core-2.2.1.RELEASE.jar:/Users/yamane21482@cs.saisoncard.co.jp/.m2/repository/org/springframework/spring-jcl/5.2.4.RELEASE/spring-jcl-5.2.4.RELEASE.jar:/Users/yamane21482@cs.saisoncard.co.jp/.m2/repository/org/springframework/boot/spring-boot-devtools/2.2.5.RELEASE/spring-boot-devtools-2.2.5.RELEASE.jar:/Users/yamane21482@cs.saisoncard.co.jp/.m2/repository/org/springframework/boot/spring-boot/2.2.5.RELEASE/spring-boot-2.2.5.RELEASE.jar:/Users/yamane21482@cs.saisoncard.co.jp/.m2/repository/org/springframework/boot/spring-boot-autoconfigure/2.2.5.RELEASE/spring-boot-autoconfigure-2.2.5.RELEASE.jar:/Users/yamane21482@cs.saisoncard.co.jp/.m2/repository/org/springframework/boot/spring-boot-starter-test/2.2.5.RELEASE/spring-boot-starter-test-2.2.5.RELEASE.jar:/Users/yamane21482@cs.saisoncard.co.jp/.m2/repository/org/springframework/boot/spring-boot-test/2.2.5.RELEASE/spring-boot-test-2.2.5.RELEASE.jar:/Users/yamane21482@cs.saisoncard.co.jp/.m2/repository/org/springframework/boot/spring-boot-test-autoconfigure/2.2.5.RELEASE/spring-boot-test-autoconfigure-2.2.5.RELEASE.jar:/Users/yamane21482@cs.saisoncard.co.jp/.m2/repository/com/jayway/jsonpath/json-path/2.4.0/json-path-2.4.0.jar:/Users/yamane21482@cs.saisoncard.co.jp/.m2/repository/net/minidev/json-smart/2.3/json-smart-2.3.jar:/Users/yamane21482@cs.saisoncard.co.jp/.m2/repository/net/minidev/accessors-smart/1.2/accessors-smart-1.2.jar:/Users/yamane21482@cs.saisoncard.co.jp/.m2/repository/org/junit/jupiter/junit-jupiter/5.5.2/junit-jupiter-5.5.2.jar:/Users/yamane21482@cs.saisoncard.co.jp/.m2/repository/org/junit/jupiter/junit-jupiter-api/5.5.2/junit-jupiter-api-5.5.2.jar:/Users/yamane21482@cs.saisoncard.co.jp/.m2/repository/org/apiguardian/apiguardian-api/1.1.0/apiguardian-api-1.1.0.jar:/Users/yamane21482@cs.saisoncard.co.jp/.m2/repository/org/opentest4j/opentest4j/1.2.0/opentest4j-1.2.0.jar:/Users/yamane21482@cs.saisoncard.co.jp/.m2/repository/org/junit/platform/junit-platform-commons/1.5.2/junit-platform-commons-1.5.2.jar:/Users/yamane21482@cs.saisoncard.co.jp/.m2/repository/org/junit/jupiter/junit-jupiter-params/5.5.2/junit-jupiter-params-5.5.2.jar:/Users/yamane21482@cs.saisoncard.co.jp/.m2/repository/org/junit/jupiter/junit-jupiter-engine/5.5.2/junit-jupiter-engine-5.5.2.jar:/Users/yamane21482@cs.saisoncard.co.jp/.m2/repository/org/junit/platform/junit-platform-engine/1.5.2/junit-platform-engine-1.5.2.jar:/Users/yamane21482@cs.saisoncard.co.jp/.m2/repository/org/mockito/mockito-junit-jupiter/3.1.0/mockito-junit-jupiter-3.1.0.jar:/Users/yamane21482@cs.saisoncard.co.jp/.m2/repository/org/assertj/assertj-core/3.13.2/assertj-core-3.13.2.jar:/Users/yamane21482@cs.saisoncard.co.jp/.m2/repository/org/hamcrest/hamcrest/2.1/hamcrest-2.1.jar:/Users/yamane21482@cs.saisoncard.co.jp/.m2/repository/org/mockito/mockito-core/3.1.0/mockito-core-3.1.0.jar:/Users/yamane21482@cs.saisoncard.co.jp/.m2/repository/net/bytebuddy/byte-buddy-agent/1.10.8/byte-buddy-agent-1.10.8.jar:/Users/yamane21482@cs.saisoncard.co.jp/.m2/repository/org/objenesis/objenesis/2.6/objenesis-2.6.jar:/Users/yamane21482@cs.saisoncard.co.jp/.m2/repository/org/skyscreamer/jsonassert/1.5.0/jsonassert-1.5.0.jar:/Users/yamane21482@cs.saisoncard.co.jp/.m2/repository/com/vaadin/external/google/android-json/0.0.20131108.vaadin1/android-json-0.0.20131108.vaadin1.jar:/Users/yamane21482@cs.saisoncard.co.jp/.m2/repository/org/springframework/spring-core/5.2.4.RELEASE/spring-core-5.2.4.RELEASE.jar:/Users/yamane21482@cs.saisoncard.co.jp/.m2/repository/org/springframework/spring-test/5.2.4.RELEASE/spring-test-5.2.4.RELEASE.jar:/Users/yamane21482@cs.saisoncard.co.jp/.m2/repository/org/xmlunit/xmlunit-core/2.6.3/xmlunit-core-2.6.3.jar:"/>
    <property name="sun.cpu.endian" value="little"/>
    <property name="user.home" value="/Users/yamane21482@cs.saisoncard.co.jp"/>
    <property name="user.language" value="ja"/>
    <property name="java.specification.vendor" value="Oracle Corporation"/>
    <property name="java.version.date" value="2022-08-12"/>
    <property name="java.home" value="/Users/yamane21482@cs.saisoncard.co.jp/.asdf/installs/java/corretto-17.0.4.9.1"/>
    <property name="file.separator" value="/"/>
    <property name="basedir" value="/Users/yamane21482@cs.saisoncard.co.jp/development/springboot-sveltekit/backend"/>
    <property name="java.vm.compressedOopsMode" value="Zero based"/>
    <property name="line.separator" value="&#10;"/>
    <property name="java.specification.name" value="Java Platform API Specification"/>
    <property name="java.vm.specification.vendor" value="Oracle Corporation"/>
    <property name="surefire.real.class.path" value="/Users/yamane21482@cs.saisoncard.co.jp/development/springboot-sveltekit/backend/target/surefire/surefirebooter13088688015542824402.jar"/>
    <property name="sun.management.compiler" value="HotSpot 64-Bit Tiered Compilers"/>
    <property name="ftp.nonProxyHosts" value="local|*.local|169.254/16|*.169.254/16"/>
    <property name="java.runtime.version" value="17.0.4.1+9-LTS"/>
    <property name="user.name" value="yamane21482@cs.saisoncard.co.jp"/>
    <property name="path.separator" value=":"/>
    <property name="os.version" value="13.4"/>
    <property name="java.runtime.name" value="OpenJDK Runtime Environment"/>
    <property name="file.encoding" value="UTF-8"/>
    <property name="java.vm.name" value="OpenJDK 64-Bit Server VM"/>
    <property name="java.vendor.version" value="Corretto-17.0.4.9.1"/>
    <property name="localRepository" value="/Users/yamane21482@cs.saisoncard.co.jp/.m2/repository"/>
    <property name="java.vendor.url.bug" value="https://github.com/corretto/corretto-17/issues/"/>
    <property name="java.io.tmpdir" value="/var/folders/zg/rrvy0ph56rlbw4p_2yx3jkx00000gq/T/"/>
    <property name="java.version" value="17.0.4.1"/>
    <property name="user.dir" value="/Users/yamane21482@cs.saisoncard.co.jp/development/springboot-sveltekit/backend"/>
    <property name="os.arch" value="aarch64"/>
    <property name="java.vm.specification.name" value="Java Virtual Machine Specification"/>
    <property name="native.encoding" value="UTF-8"/>
    <property name="java.library.path" value="/Users/yamane21482@cs.saisoncard.co.jp/Library/Java/Extensions:/Library/Java/Extensions:/Network/Library/Java/Extensions:/System/Library/Java/Extensions:/usr/lib/java:."/>
    <property name="java.vm.info" value="mixed mode, sharing"/>
    <property name="java.vendor" value="Amazon.com Inc."/>
    <property name="java.vm.version" value="17.0.4.1+9-LTS"/>
    <property name="sun.io.unicode.encoding" value="UnicodeBig"/>
    <property name="socksNonProxyHosts" value="local|*.local|169.254/16|*.169.254/16"/>
    <property name="java.class.version" value="61.0"/>
  </properties>
  <testcase name="testShowHome" classname="com.company.project.controllers.HomeControllerTest" time="0.072"/>
</testsuite>